<?xml version="1.0" encoding="UTF-8"?>
<testng-results ignored="0" total="1" passed="1" failed="0" skipped="0">
  <reporter-output>
  </reporter-output>
  <suite started-at="2023-10-19T15:19:32 PDT" name="Surefire suite" finished-at="2023-10-19T15:19:40 PDT" duration-ms="8778">
    <groups>
    </groups>
    <test started-at="2023-10-19T15:19:32 PDT" name="Surefire test" finished-at="2023-10-19T15:19:40 PDT" duration-ms="8778">
      <class name="com.herokuapp.theinternet.ExceptionsTests">
        <test-method signature="timeoutExceptionTest()[pri:0, instance:com.herokuapp.theinternet.ExceptionsTests@147ed70f]" started-at="2023-10-19T15:19:32 PDT" name="timeoutExceptionTest" finished-at="2023-10-19T15:19:40 PDT" duration-ms="8629" status="PASS">
          <reporter-output>
          </reporter-output>
        </test-method> <!-- timeoutExceptionTest -->
        <test-method is-config="true" signature="tearDown()[pri:0, instance:com.herokuapp.theinternet.ExceptionsTests@147ed70f]" started-at="2023-10-19T15:19:40 PDT" name="tearDown" finished-at="2023-10-19T15:19:40 PDT" duration-ms="126" status="PASS">
          <reporter-output>
          </reporter-output>
        </test-method> <!-- tearDown -->
      </class> <!-- com.herokuapp.theinternet.ExceptionsTests -->
    </test> <!-- Surefire test -->
  </suite> <!-- Surefire suite -->
</testng-results>
