<?xml version="1.0" encoding="UTF-8"?>
<!-- Generated by org.testng.reporters.JUnitXMLReporter -->
<testsuite ignored="4" hostname="DESKTOP-CHOC1BO" failures="0" tests="1" name="Surefire test" time="8.778" errors="0" timestamp="2023-10-19T15:19:40 PDT">
  <testcase classname="com.herokuapp.theinternet.ExceptionsTests" name="timeoutExceptionTest" time="8.629"/>
  <testcase classname="com.herokuapp.theinternet.ExceptionsTests" name="elementNotInteractableTest" time="0.0">
    <ignored/>
  </testcase> <!-- elementNotInteractableTest -->
  <testcase classname="com.herokuapp.theinternet.ExceptionsTests" name="staleElementReferenceExceptionTest" time="0.0">
    <ignored/>
  </testcase> <!-- staleElementReferenceExceptionTest -->
  <testcase classname="com.herokuapp.theinternet.ExceptionsTests" name="noSuchElementTest" time="0.0">
    <ignored/>
  </testcase> <!-- noSuchElementTest -->
  <testcase classname="com.herokuapp.theinternet.ExceptionsTests" name="invalidElementStateExceptionTest" time="0.0">
    <ignored/>
  </testcase> <!-- invalidElementStateExceptionTest -->
</testsuite> <!-- Surefire test -->
